<?xml version="1.0" encoding="UTF-8"?>
<!-- Generated by org.testng.reporters.JUnitReportReporter -->
<testsuite skipped="0" hostname="hp" name="Location.Map.VerifyStadium$ValidateTitle" tests="1" failures="0" timestamp="2020-06-23T14:12:35 IST" time="36.643" errors="0">
  <testcase name="BasepageNavigation" time="36.643" classname="Location.Map.VerifyStadium$ValidateTitle"/>
  <system-out/>
</testsuite> <!-- Location.Map.VerifyStadium$ValidateTitle -->
