<?xml version="1.0" encoding="UTF-8"?>
<!-- Generated by org.testng.reporters.JUnitReportReporter -->
<testsuite skipped="0" hostname="hp" name="Location.Map.VerifyStadium" tests="1" failures="0" timestamp="2020-06-23T15:20:19 IST" time="32.164" errors="0">
  <testcase name="BasepageNavigation" time="32.164" classname="Location.Map.VerifyStadium"/>
  <system-out/>
</testsuite> <!-- Location.Map.VerifyStadium -->
